Circuit: Single OpAmp Oscillator

Per .tran options, skipping operating point for transient analysis.
Changing Tseed to 1.95313e-010
Changing Tseed to 1.95312e-012
Changing Tseed to 1.95312e-009
Changing Tseed to 1.95313e-013
Changing Tseed to 1.95312e-008
Changing Tseed to 1.95312e-014
Changing Tseed to 1.95312e-007
Changing Tseed to 1.95312e-015
Changing Tseed to 1.95313e-006
Changing Tseed to 1.95312e-016
Changing Tseed to 1.95312e-005
Changing Tseed to 1.95312e-017
Heightened Def Con from 0 Changing Tseed to 1e-009
Changing Tseed to 1e-011
Changing Tseed to 1e-008
Changing Tseed to 1e-012
Changing Tseed to 1e-007
Changing Tseed to 1e-013
Changing Tseed to 1e-006
Changing Tseed to 1e-014
Changing Tseed to 1e-005
Changing Tseed to 1e-015
Changing Tseed to 0.0001
Changing Tseed to 1e-016
+Changing Tseed to 1e-009
Changing Tseed to 1e-011
Changing Tseed to 1e-008
Changing Tseed to 1e-012
Changing Tseed to 1e-007
Changing Tseed to 1e-013
Changing Tseed to 1e-006
Changing Tseed to 1e-014
Changing Tseed to 1e-005
Changing Tseed to 1e-015
Changing Tseed to 0.0001
Changing Tseed to 1e-016
+Changing Tseed to 1e-009
Changing Tseed to 1e-011
Changing Tseed to 1e-008
Changing Tseed to 1e-012
Changing Tseed to 1e-007
Changing Tseed to 1e-013
Changing Tseed to 1e-006
Changing Tseed to 1e-014
Changing Tseed to 1e-005
Changing Tseed to 1e-015
Changing Tseed to 0.0001
Changing Tseed to 1e-016
+Changing Tseed to 1e-009
Changing Tseed to 1e-011
Changing Tseed to 1e-008
Changing Tseed to 1e-012
Changing Tseed to 1e-007
Changing Tseed to 1e-013
Changing Tseed to 1e-006
Changing Tseed to 1e-014
Changing Tseed to 1e-005
Changing Tseed to 1e-015
Changing Tseed to 0.0001
Changing Tseed to 1e-016
+Changing Tseed to 1e-009
Changing Tseed to 1e-011
Changing Tseed to 1e-008
Changing Tseed to 1e-012
Changing Tseed to 1e-007
Changing Tseed to 1e-013
Changing Tseed to 1e-006
Changing Tseed to 1e-014
Changing Tseed to 1e-005
Changing Tseed to 1e-015
Changing Tseed to 0.0001
Changing Tseed to 1e-016
+Changing Tseed to 1e-009
Changing Tseed to 1e-011
Changing Tseed to 1e-008
Changing Tseed to 1e-012
Changing Tseed to 1e-007
Changing Tseed to 1e-013
Changing Tseed to 1e-006
Changing Tseed to 1e-014
Changing Tseed to 1e-005
Changing Tseed to 1e-015
Changing Tseed to 0.0001
Changing Tseed to 1e-016
+Changing Tseed to 1e-009
Changing Tseed to 1e-011
Changing Tseed to 1e-008
Changing Tseed to 1e-012
Changing Tseed to 1e-007
Changing Tseed to 1e-013
Changing Tseed to 1e-006
Changing Tseed to 1e-014
Changing Tseed to 1e-005
Changing Tseed to 1e-015
Changing Tseed to 0.0001
Changing Tseed to 1e-016
+Changing Tseed to 1e-009
Changing Tseed to 1e-011
Changing Tseed to 1e-008
Changing Tseed to 1e-012
Changing Tseed to 1e-007
Changing Tseed to 1e-013
Changing Tseed to 1e-006
Changing Tseed to 1e-014
Changing Tseed to 1e-005
Changing Tseed to 1e-015
Changing Tseed to 0.0001
Changing Tseed to 1e-016
+Changing Tseed to 1e-009
Changing Tseed to 1e-011
Changing Tseed to 1e-008
Changing Tseed to 1e-012
Changing Tseed to 1e-007
Changing Tseed to 1e-013
Changing Tseed to 1e-006
Changing Tseed to 1e-014
Changing Tseed to 1e-005
Changing Tseed to 1e-015
Changing Tseed to 0.0001
Changing Tseed to 1e-016
+Changing Tseed to 1e-009
Changing Tseed to 1e-011
Changing Tseed to 1e-008
Changing Tseed to 1e-012
Changing Tseed to 1e-007
Changing Tseed to 1e-013
Changing Tseed to 1e-006
Changing Tseed to 1e-014
Changing Tseed to 1e-005
Changing Tseed to 1e-015
Changing Tseed to 0.0001
Changing Tseed to 1e-016
+Changing Tseed to 1e-009
Changing Tseed to 1e-011
Changing Tseed to 1e-008
Changing Tseed to 1e-012
Changing Tseed to 1e-007
Changing Tseed to 1e-013
Changing Tseed to 1e-006
Changing Tseed to 1e-014
Changing Tseed to 1e-005
Changing Tseed to 1e-015
Changing Tseed to 0.0001
Changing Tseed to 1e-016
+Changing Tseed to 1e-009
Changing Tseed to 1e-011
Changing Tseed to 1e-008
Changing Tseed to 1e-012
Changing Tseed to 1e-007
Changing Tseed to 1e-013
Changing Tseed to 1e-006
Changing Tseed to 1e-014
Changing Tseed to 1e-005
Changing Tseed to 1e-015
Changing Tseed to 0.0001
Changing Tseed to 1e-016
+Changing Tseed to 1e-009
Changing Tseed to 1e-011
Changing Tseed to 1e-008
Changing Tseed to 1e-012
Changing Tseed to 1e-007
Changing Tseed to 1e-013
Changing Tseed to 1e-006
Changing Tseed to 1e-014
Changing Tseed to 1e-005
Changing Tseed to 1e-015
Changing Tseed to 0.0001
Changing Tseed to 1e-016
+Changing Tseed to 1e-009
Changing Tseed to 1e-011
Changing Tseed to 1e-008
Changing Tseed to 1e-012
Changing Tseed to 1e-007
Changing Tseed to 1e-013
Changing Tseed to 1e-006
Changing Tseed to 1e-014
Changing Tseed to 1e-005
Changing Tseed to 1e-015
Changing Tseed to 0.0001
Changing Tseed to 1e-016
+Changing Tseed to 1e-009
Changing Tseed to 1e-011
Changing Tseed to 1e-008
Changing Tseed to 1e-012
Changing Tseed to 1e-007
Changing Tseed to 1e-013
Changing Tseed to 1e-006
Changing Tseed to 1e-014
Changing Tseed to 1e-005
Changing Tseed to 1e-015
Changing Tseed to 0.0001
Changing Tseed to 1e-016
+Changing Tseed to 1e-009
Changing Tseed to 1e-011
Changing Tseed to 1e-008
Changing Tseed to 1e-012
Changing Tseed to 1e-007
Changing Tseed to 1e-013
Changing Tseed to 1e-006
Changing Tseed to 1e-014
Changing Tseed to 1e-005
Changing Tseed to 1e-015
Changing Tseed to 0.0001
Changing Tseed to 1e-016
+Changing Tseed to 1e-009
Changing Tseed to 1e-011
Changing Tseed to 1e-008
Changing Tseed to 1e-012
Changing Tseed to 1e-007
Changing Tseed to 1e-013
Changing Tseed to 1e-006
Changing Tseed to 1e-014
Changing Tseed to 1e-005
Changing Tseed to 1e-015
Changing Tseed to 0.0001
Changing Tseed to 1e-016
+Changing Tseed to 1e-009
Changing Tseed to 1e-011
Changing Tseed to 1e-008
Changing Tseed to 1e-012
Changing Tseed to 1e-007
Changing Tseed to 1e-013
Changing Tseed to 1e-006
Changing Tseed to 1e-014
Changing Tseed to 1e-005
Changing Tseed to 1e-015
Changing Tseed to 0.0001
Changing Tseed to 1e-016
+Changing Tseed to 1e-009
Changing Tseed to 1e-011
Changing Tseed to 1e-008
Changing Tseed to 1e-012
Changing Tseed to 1e-007
Changing Tseed to 1e-013
Changing Tseed to 1e-006
Changing Tseed to 1e-014
Changing Tseed to 1e-005
Changing Tseed to 1e-015
Changing Tseed to 0.0001
Changing Tseed to 1e-016
+to 1.125e-010

Date: Sun Jul 08 14:55:22 2018
Total elapsed time: 0.070 seconds.

tnom = 27
temp = 27
method = modified trap
totiter = 6650
traniter = 6650
tranpoints = 1653
accept = 1262
rejected = 171
matrix size = 30
fillins = 55
solver = Normal
Matrix Compiler1: 4.27 KB object code size  1.0/0.5/[0.3]
Matrix Compiler2: 3.43 KB object code size  0.4/0.5/[0.3]

